
// ==========================================================================
//  GPPG error listing for yacc source file <SimpleYacc.y - 01.11.2019 21:33:08>
// ==========================================================================
//  Version:  1.5.0
//  Machine:  MIL8A-202A-06
//  DateTime: 01.11.2019 21:33:13
//  UserName: user
// ==========================================================================


%{
// Ýòè îáúÿâëåíèÿ äîáàâëÿþòñÿ â êëàññ GPPGParser, ïðåäñòàâëÿþùèé ñîáîé ïàðñåð, ãåíåðèðóåìûé ñèñòåìîé gppg
    public BlockNode root; // Êîðíåâîé óçåë ñèíòàêñè÷åñêîãî äåðåâà 
    public Parser(AbstractScanner<ValueType, LexLocation> scanner) : base(scanner) { }
%}

%output = SimpleYacc.cs

%union { 
			public double dVal; 
			public int iVal; 
			public string sVal; 
			public Node nVal;
			public ExprNode eVal;
			public StatementNode stVal;
			public BlockNode blVal;
       }

%using ProgramTree;

%namespace SimpleParser

%token  BEGIN END CYCLE ASSIGN SEMICOLON REPEAT UNTIL WHILE DO IF THEN ELSE FOR TO OPENP CLOSEP WRITE VAR COMMA MINUS PLUS MULT DELIM LT GT LEQ GEQ 

%token <iVal> INUM 
%token <dVal> RNUM 
%token <sVal> ID

%type <eVal> expr ident e0 e1 e2 e3
%type <stVal> assign statement cycle repeat while
%type <blVal> stlist block

%%
// Warning: NonTerminal symbol "e0" is unreachable
// -----------------------------------------------

progr   : block { root = $1; }
		;

block	: BEGIN stlist END { $$ = $2; }
		;

statement: assign { $$ = $1; }
		| block   { $$ = $1; }
		| cycle   { $$ = $1; }
		| repeat  { $$ = $1; }
		| while   { $$ = $1; }
//		| for     { $$ = $1; }
//		| if      { $$ = $1; }
//		| write   { $$ = $1; }
//		| var     { $$ = $1; }
	;

stlist	: statement 
			{ 
				$$ = new BlockNode($1); 
			}
		| stlist SEMICOLON statement 
			{ 
				$1.Add($3); 
				$$ = $1; 
			}
		;

repeat  : REPEAT stlist UNTIL expr
			{
				$$ = new RepeatNode($2 as BlockNode, $4 as ExprNode);
			}
		;

while  : WHILE OPENP expr CLOSEP BEGIN stlist END
			{
				$$ = new WhileNode($3 as ExprNode, $6 as BlockNode);
			}
		;

ident 	: ID { $$ = new IdNode($1); }	
		;
	
assign 	: ident ASSIGN expr { $$ = new AssignNode($1 as IdNode, $3); }
		;


expr	: e1 { $$ = $1 as ExprNode; }
		;
e0		: e1 { $$ = $1 as ExprNode; }
		| e1 LT e2 { $$ = new BinaryOperation($1 as ExprNode,$3 as ExprNode, OpType.LT);}
		| e1 GT e2 { $$ = new BinaryOperation($1 as ExprNode,$3 as ExprNode, OpType.GT);}
		| e1 GEQ e2 { $$ = new BinaryOperation($1 as ExprNode,$3 as ExprNode, OpType.GEQ);}
		| e1 LEQ e2 { $$ = new BinaryOperation($1 as ExprNode,$3 as ExprNode, OpType.LEQ);}
		;

e1		: e2 { $$ = $1 as ExprNode; }
		| e1 MINUS e2 { $$ = new BinaryOperation($1 as ExprNode,$3 as ExprNode, OpType.MINUS);}
		| e1 PLUS e2 { $$ = new BinaryOperation($1 as ExprNode,$3 as ExprNode, OpType.PLUS);}
		;

e2		: e3 { $$ = $1 as ExprNode; }
		| e2 MULT e3 { $$ = new BinaryOperation($1 as ExprNode,$3 as ExprNode, OpType.MULT);}
		| e2 DELIM e3 { $$ = new BinaryOperation($1 as ExprNode,$3 as ExprNode, OpType.DELIM);}
		; 

e3		: ident { $$ = $1 as IdNode; }
		| INUM  { $$ = new IntNumNode($1); } 
		| RNUM  { $$ = new DoubleNumNode($1); }
		| OPENP expr CLOSEP { $$ = $2 as ExprNode; }
		;

cycle	: CYCLE expr statement { $$ = new CycleNode($2, $3); }
		;
	
%%

// ==========================================================================

